<?xml version="1.0" encoding="UTF-8"?>
<!-- Generated by org.testng.reporters.JUnitReportReporter -->
<testsuite hostname="DESKTOP-MATN0N1" failures="0" tests="1" name="TestFailedCases" time="1.860" errors="0" timestamp="2022-02-20T16:53:32 IST" skipped="0">
  <testcase classname="TestFailedCases" name="MakeActiveToDo2Completed" time="1.860"/>
  <system-out/>
</testsuite> <!-- TestFailedCases -->
