<?xml version="1.0" encoding="UTF-8"?>
<!-- Generated by org.testng.reporters.JUnitReportReporter -->
<testsuite hostname="DESKTOP-MATN0N1" failures="0" tests="1" name="ServicePackage.RequestResponceTest" time="3.933" errors="0" timestamp="2022-02-20T16:17:32 IST" skipped="0">
  <testcase classname="ServicePackage.RequestResponceTest" name="ValidateAPIResponce" time="3.933"/>
  <system-out>
    <![CDATA[Add New Todo to existing list New ToDo Check
https://mysterious-thicket-31854.herokuapp.com/#/active
[{"id": 5, "title": "a todo", "completed": true, "url": null, "order": 0, "created_at": "2019-03-28T04:53:26.483719+00:00", "updated_at": "2019-03-28T04:53:26.483719+00:00"}, {"id": 6, "title": "a todo", "completed": false, "url": null, "order": 0, "created_at": "2019-03-28T04:53:49.348164+00:00", "updated_at": "2019-03-28T04:53:49.348164+00:00"}, {"id": 7, "title": "a todo", "completed": true, "url": null, "order": 0, "created_at": "2019-03-28T05:48:20.454756+00:00", "updated_at": "2019-03-28T05:48:20.454756+00:00"}, {"id": 8, "title": "a todo", "completed": true, "url": null, "order": 0, "created_at": "2019-03-28T05:48:49.280879+00:00", "updated_at": "2019-03-28T05:48:49.280879+00:00"}, {"id": 9, "title": "a todo", "completed": true, "url": "9", "order": 0, "created_at": "2019-03-28T06:07:55.557717+00:00", "updated_at": "2019-03-28T06:07:55.562107+00:00"}, {"id": 10, "title": "a todo", "completed": true, "url": "//10", "order": 0, "created_at": "2019-03-28T06:21:35.070721+00:00", "updated_at": "2019-03-28T06:21:35.075518+00:00"}, {"id": 11, "title": "a todo", "completed": true, "url": "https://mysterious-thicket-31854.herokuapp.com/", "order": 0, "created_at": "2019-03-28T06:56:56.880499+00:00", "updated_at": "2019-03-28T06:56:56.884944+00:00"}, {"id": 12, "title": "a todo", "completed": true, "url": null, "order": 0, "created_at": "2019-03-28T06:59:23.110846+00:00", "updated_at": "2019-03-28T06:59:23.110846+00:00"}, {"id": 13, "title": "a todo", "completed": true, "url": null, "order": 0, "created_at": "2019-03-28T06:59:25.684496+00:00", "updated_at": "2019-03-28T06:59:25.684496+00:00"}, {"id": 14, "title": "a todo", "completed": true, "url": "https://mysterious-thicket-31854.herokuapp.com/14", "order": 0, "created_at": "2019-03-28T07:01:24.558295+00:00", "updated_at": "2019-03-28T07:01:24.561236+00:00"}, {"id": 17, "title": "New ToDo Entry 3", "completed": false, "url": "https://mysterious-thicket-31854.herokuapp.com/17", "order": 2, "created_at": "2022-02-20T10:15:16.679195+00:00", "updated_at": "2022-02-20T10:15:16.700666+00:00"}, {"id": 18, "title": "New ToDo Entry 6", "completed": false, "url": "https://mysterious-thicket-31854.herokuapp.com/18", "order": 3, "created_at": "2022-02-20T10:15:19.404033+00:00", "updated_at": "2022-02-20T10:15:19.409515+00:00"}, {"id": 19, "title": "New ToDo Entry 2", "completed": false, "url": "https://mysterious-thicket-31854.herokuapp.com/19", "order": 4, "created_at": "2022-02-20T10:20:55.309811+00:00", "updated_at": "2022-02-20T10:20:55.314391+00:00"}, {"id": 20, "title": "New ToDo got Updated", "completed": false, "url": "https://mysterious-thicket-31854.herokuapp.com/20", "order": 0, "created_at": "2022-02-20T10:36:11.005889+00:00", "updated_at": "2022-02-20T10:37:16.625860+00:00"}, {"id": 21, "title": "New ToDo Entry 2", "completed": false, "url": "https://mysterious-thicket-31854.herokuapp.com/21", "order": 2, "created_at": "2022-02-20T10:36:11.027758+00:00", "updated_at": "2022-02-20T10:36:11.031950+00:00"}, {"id": 22, "title": "New ToDo Entry 4", "completed": false, "url": "https://mysterious-thicket-31854.herokuapp.com/22", "order": 6, "created_at": "2022-02-20T10:36:11.239624+00:00", "updated_at": "2022-02-20T10:36:11.243600+00:00"}, {"id": 23, "title": "New ToDo Entry 3", "completed": false, "url": "https://mysterious-thicket-31854.herokuapp.com/23", "order": 5, "created_at": "2022-02-20T10:36:11.263603+00:00", "updated_at": "2022-02-20T10:36:11.267392+00:00"}, {"id": 24, "title": "New ToDo Entry 5", "completed": false, "url": "https://mysterious-thicket-31854.herokuapp.com/24", "order": 7, "created_at": "2022-02-20T10:36:11.421767+00:00", "updated_at": "2022-02-20T10:36:11.425559+00:00"}, {"id": 25, "title": "New ToDo got Updated", "completed": false, "url": "https://mysterious-thicket-31854.herokuapp.com/25", "order": 0, "created_at": "2022-02-20T10:37:12.985609+00:00", "updated_at": "2022-02-20T10:42:22.995931+00:00"}, {"id": 26, "title": "New ToDo Entry 3", "completed": false, "url": "https://mysterious-thicket-31854.herokuapp.com/26", "order": 9, "created_at": "2022-02-20T10:37:13.218110+00:00", "updated_at": "2022-02-20T10:37:13.228791+00:00"}, {"id": 27, "title": "New ToDo Entry 4", "completed": false, "url": "https://mysterious-thicket-31854.herokuapp.com/27", "order": 10, "created_at": "2022-02-20T10:37:13.593991+00:00", "updated_at": "2022-02-20T10:37:13.599428+00:00"}, {"id": 28, "title": "New ToDo Entry 2", "completed": false, "url": "https://mysterious-thicket-31854.herokuapp.com/28", "order": 8, "created_at": "2022-02-20T10:37:13.767911+00:00", "updated_at": "2022-02-20T10:37:13.777688+00:00"}, {"id": 29, "title": "New ToDo Entry 5", "completed": false, "url": "https://mysterious-thicket-31854.herokuapp.com/29", "order": 11, "created_at": "2022-02-20T10:37:13.918938+00:00", "updated_at": "2022-02-20T10:37:13.922719+00:00"}, {"id": 30, "title": "New ToDo got Updated", "completed": false, "url": "https://mysterious-thicket-31854.herokuapp.com/30", "order": 0, "created_at": "2022-02-20T10:42:19.924938+00:00", "updated_at": "2022-02-20T10:45:31.862448+00:00"}, {"id": 31, "title": "New ToDo Entry 2", "completed": false, "url": "https://mysterious-thicket-31854.herokuapp.com/31", "order": 2, "created_at": "2022-02-20T10:42:19.992505+00:00", "updated_at": "2022-02-20T10:42:19.999702+00:00"}, {"id": 32, "title": "New ToDo Entry 4", "completed": false, "url": "https://mysterious-thicket-31854.herokuapp.com/32", "order": 13, "created_at": "2022-02-20T10:42:20.160146+00:00", "updated_at": "2022-02-20T10:42:20.170466+00:00"}, {"id": 33, "title": "New ToDo Entry 3", "completed": false, "url": "https://mysterious-thicket-31854.herokuapp.com/33", "order": 12, "created_at": "2022-02-20T10:42:20.239655+00:00", "updated_at": "2022-02-20T10:42:20.258799+00:00"}, {"id": 34, "title": "New ToDo Entry 5", "completed": false, "url": "https://mysterious-thicket-31854.herokuapp.com/34", "order": 14, "created_at": "2022-02-20T10:42:20.239757+00:00", "updated_at": "2022-02-20T10:42:20.262804+00:00"}, {"id": 35, "title": "New ToDo Entry 17", "completed": false, "url": "https://mysterious-thicket-31854.herokuapp.com/35", "order": 15, "created_at": "2022-02-20T10:42:40.252279+00:00", "updated_at": "2022-02-20T10:42:40.256770+00:00"}, {"id": 36, "title": "0", "completed": true, "url": "https://mysterious-thicket-31854.herokuapp.com/36", "order": 0, "created_at": "2022-02-20T10:42:56.701008+00:00", "updated_at": "2022-02-20T10:45:49.497473+00:00"}, {"id": 37, "title": "New ToDo Entry 2020", "completed": true, "url": "https://mysterious-thicket-31854.herokuapp.com/37", "order": 16, "created_at": "2022-02-20T10:42:56.873276+00:00", "updated_at": "2022-02-20T10:42:56.880065+00:00"}, {"id": 38, "title": "a todo", "completed": false, "url": "https://mysterious-thicket-31854.herokuapp.com/38", "order": 0, "created_at": "2022-02-20T10:42:56.993895+00:00", "updated_at": "2022-02-20T10:42:56.998150+00:00"}, {"id": 39, "title": "New ToDo Check", "completed": false, "url": "https://mysterious-thicket-31854.herokuapp.com/39", "order": 17, "created_at": "2022-02-20T10:43:06.539398+00:00", "updated_at": "2022-02-20T10:43:06.546488+00:00"}, {"id": 40, "title": "New ToDo Entry 1", "completed": false, "url": "https://mysterious-thicket-31854.herokuapp.com/40", "order": 1, "created_at": "2022-02-20T10:45:29.320808+00:00", "updated_at": "2022-02-20T10:45:29.325003+00:00"}, {"id": 41, "title": "New ToDo Entry 2", "completed": false, "url": "https://mysterious-thicket-31854.herokuapp.com/41", "order": 2, "created_at": "2022-02-20T10:45:29.340967+00:00", "updated_at": "2022-02-20T10:45:29.344932+00:00"}, {"id": 42, "title": "New ToDo Entry 4", "completed": false, "url": "https://mysterious-thicket-31854.herokuapp.com/42", "order": 19, "created_at": "2022-02-20T10:45:29.539051+00:00", "updated_at": "2022-02-20T10:45:29.543291+00:00"}, {"id": 43, "title": "New ToDo Entry 3", "completed": false, "url": "https://mysterious-thicket-31854.herokuapp.com/43", "order": 18, "created_at": "2022-02-20T10:45:29.582099+00:00", "updated_at": "2022-02-20T10:45:29.586185+00:00"}, {"id": 44, "title": "New ToDo Entry 5", "completed": false, "url": "https://mysterious-thicket-31854.herokuapp.com/44", "order": 20, "created_at": "2022-02-20T10:45:29.645454+00:00", "updated_at": "2022-02-20T10:45:29.649456+00:00"}, {"id": 45, "title": "New ToDo Entry 17", "completed": false, "url": "https://mysterious-thicket-31854.herokuapp.com/45", "order": 21, "created_at": "2022-02-20T10:45:49.352215+00:00", "updated_at": "2022-02-20T10:45:49.356224+00:00"}, {"id": 46, "title": "New ToDo Entry 2020", "completed": false, "url": "https://mysterious-thicket-31854.herokuapp.com/46", "order": 22, "created_at": "2022-02-20T10:45:50.401645+00:00", "updated_at": "2022-02-20T10:45:50.405916+00:00"}, {"id": 47, "title": "New ToDo Entry 2020", "completed": true, "url": "https://mysterious-thicket-31854.herokuapp.com/47", "order": 22, "created_at": "2022-02-20T10:45:50.517066+00:00", "updated_at": "2022-02-20T10:45:50.532559+00:00"}, {"id": 48, "title": "a todo", "completed": false, "url": "https://mysterious-thicket-31854.herokuapp.com/48", "order": 0, "created_at": "2022-02-20T10:45:50.596077+00:00", "updated_at": "2022-02-20T10:45:50.600012+00:00"}, {"id": 49, "title": "New ToDo Check", "completed": false, "url": "https://mysterious-thicket-31854.herokuapp.com/49", "order": 23, "created_at": "2022-02-20T10:47:28.633485+00:00", "updated_at": "2022-02-20T10:47:28.646103+00:00"}]
a todo
a todo
a todo
a todo
a todo
a todo
a todo
a todo
a todo
a todo
New ToDo Entry 3
New ToDo Entry 6
New ToDo Entry 2
New ToDo got Updated
New ToDo Entry 2
New ToDo Entry 4
New ToDo Entry 3
New ToDo Entry 5
New ToDo got Updated
New ToDo Entry 3
New ToDo Entry 4
New ToDo Entry 2
New ToDo Entry 5
New ToDo got Updated
New ToDo Entry 2
New ToDo Entry 4
New ToDo Entry 3
New ToDo Entry 5
New ToDo Entry 17
0
New ToDo Entry 2020
a todo
New ToDo Check]]>
  </system-out>
</testsuite> <!-- ServicePackage.RequestResponceTest -->
