<?xml version="1.0" encoding="UTF-8"?>
<!-- Generated by org.testng.reporters.JUnitReportReporter -->
<testsuite hostname="DESKTOP-MATN0N1" failures="0" tests="1" name="TestPackage.TestClass" time="0.950" errors="0" timestamp="2022-02-20T01:53:12 IST" skipped="0">
  <testcase classname="TestPackage.TestClass" name="MakeCompletedToDo2Active" time="0.950"/>
  <system-out/>
</testsuite> <!-- TestPackage.TestClass -->
