<?xml version="1.0" encoding="UTF-8"?>
<!-- Generated by org.testng.reporters.JUnitReportReporter -->
<testsuite hostname="DESKTOP-MATN0N1" failures="0" tests="1" name="TestPackage.EditTodaosTest" time="1.019" errors="0" timestamp="2022-02-18T03:00:04 IST" skipped="0">
  <testcase classname="TestPackage.EditTodaosTest" name="EditToDosTest" time="1.019"/>
  <system-out/>
</testsuite> <!-- TestPackage.EditTodaosTest -->
