<?xml version="1.0" encoding="UTF-8"?>
<!-- Generated by org.testng.reporters.JUnitReportReporter -->
<testsuite hostname="DESKTOP-MATN0N1" failures="0" tests="3" name="TestPackage.AddToDosTest" time="2.295" errors="0" timestamp="2022-02-17T15:07:17 IST" skipped="0">
  <testcase classname="TestPackage.AddToDosTest" name="AddToDosListTest" time="0.328"/>
  <system-out/>
  <testcase classname="TestPackage.AddToDosTest" name="DeleteTodos" time="0.279"/>
  <system-out/>
  <testcase classname="TestPackage.AddToDosTest" name="EditToDosTest" time="1.688"/>
  <system-out/>
</testsuite> <!-- TestPackage.AddToDosTest -->
